<?xml version="1.0" encoding="UTF-8"?>
<!-- Generated by org.testng.reporters.JUnitReportReporter -->
<testsuite skipped="0" hostname="LAPTOP-T3UANJN2" name="com.nopcommerce.demo.testsuite.ElectronicsPageTest" tests="1" failures="0" timestamp="2022-12-13T00:01:32 GMT" time="23.219" errors="1">
  <testcase name="verifyThatTheProductAddedSuccessfullyAndPlaceOrderSuccessfully" time="23.219" classname="com.nopcommerce.demo.testsuite.ElectronicsPageTest">
    <error type="org.openqa.selenium.StaleElementReferenceException" message="stale element reference: element is not attached to the page document
  (Session info: chrome=108.0.5359.99)
For documentation on this error, please visit: https://selenium.dev/exceptions/#stale_element_reference
Build info: version: &#039;4.6.0&#039;, revision: &#039;79f1c02ae20&#039;
System info: os.name: &#039;Windows 10&#039;, os.arch: &#039;amd64&#039;, os.version: &#039;10.0&#039;, java.version: &#039;1.8.0_121&#039;
Driver info: org.openqa.selenium.chrome.ChromeDriver
Command: [6183c5ffc29074ce2d12690378bcc539, getElementText {id=da4bf649-8a6f-4ba6-8378-d06c362c7c60}]
Capabilities {acceptInsecureCerts: false, browserName: chrome, browserVersion: 108.0.5359.99, chrome: {chromedriverVersion: 108.0.5359.71 (1e0e3868ee06..., userDataDir: C:\Users\topig\AppData\Loca...}, goog:chromeOptions: {debuggerAddress: localhost:55664}, networkConnectionEnabled: false, pageLoadStrategy: normal, platformName: WINDOWS, proxy: Proxy(), se:cdp: ws://localhost:55664/devtoo..., se:cdpVersion: 108.0.5359.99, setWindowRect: true, strictFileInteractability: false, timeouts: {implicit: 0, pageLoad: 300000, script: 30000}, unhandledPromptBehavior: dismiss and notify, webauthn:extension:credBlob: true, webauthn:extension:largeBlob: true, webauthn:virtualAuthenticators: true}
Element: [[ChromeDriver: chrome on WINDOWS (6183c5ffc29074ce2d12690378bcc539)] -&gt; xpath: //div[@class=&#039;page-title&#039;]/h1[contains(text(),&#039;Shopping cart&#039;)]]
Session ID: 6183c5ffc29074ce2d12690378bcc539">
      <![CDATA[org.openqa.selenium.StaleElementReferenceException: stale element reference: element is not attached to the page document
  (Session info: chrome=108.0.5359.99)
For documentation on this error, please visit: https://selenium.dev/exceptions/#stale_element_reference
Build info: version: '4.6.0', revision: '79f1c02ae20'
System info: os.name: 'Windows 10', os.arch: 'amd64', os.version: '10.0', java.version: '1.8.0_121'
Driver info: org.openqa.selenium.chrome.ChromeDriver
Command: [6183c5ffc29074ce2d12690378bcc539, getElementText {id=da4bf649-8a6f-4ba6-8378-d06c362c7c60}]
Capabilities {acceptInsecureCerts: false, browserName: chrome, browserVersion: 108.0.5359.99, chrome: {chromedriverVersion: 108.0.5359.71 (1e0e3868ee06..., userDataDir: C:\Users\topig\AppData\Loca...}, goog:chromeOptions: {debuggerAddress: localhost:55664}, networkConnectionEnabled: false, pageLoadStrategy: normal, platformName: WINDOWS, proxy: Proxy(), se:cdp: ws://localhost:55664/devtoo..., se:cdpVersion: 108.0.5359.99, setWindowRect: true, strictFileInteractability: false, timeouts: {implicit: 0, pageLoad: 300000, script: 30000}, unhandledPromptBehavior: dismiss and notify, webauthn:extension:credBlob: true, webauthn:extension:largeBlob: true, webauthn:virtualAuthenticators: true}
Element: [[ChromeDriver: chrome on WINDOWS (6183c5ffc29074ce2d12690378bcc539)] -> xpath: //div[@class='page-title']/h1[contains(text(),'Shopping cart')]]
Session ID: 6183c5ffc29074ce2d12690378bcc539
at sun.reflect.NativeConstructorAccessorImpl.newInstance0(Native Method)
at sun.reflect.NativeConstructorAccessorImpl.newInstance(NativeConstructorAccessorImpl.java:62)
at sun.reflect.DelegatingConstructorAccessorImpl.newInstance(DelegatingConstructorAccessorImpl.java:45)
at java.lang.reflect.Constructor.newInstance(Constructor.java:423)
at org.openqa.selenium.remote.codec.w3c.W3CHttpResponseCodec.createException(W3CHttpResponseCodec.java:200)
at org.openqa.selenium.remote.codec.w3c.W3CHttpResponseCodec.decode(W3CHttpResponseCodec.java:133)
at org.openqa.selenium.remote.codec.w3c.W3CHttpResponseCodec.decode(W3CHttpResponseCodec.java:53)
at org.openqa.selenium.remote.HttpCommandExecutor.execute(HttpCommandExecutor.java:184)
at org.openqa.selenium.remote.service.DriverCommandExecutor.invokeExecute(DriverCommandExecutor.java:167)
at org.openqa.selenium.remote.service.DriverCommandExecutor.execute(DriverCommandExecutor.java:142)
at org.openqa.selenium.remote.RemoteWebDriver.execute(RemoteWebDriver.java:541)
at org.openqa.selenium.remote.RemoteWebElement.execute(RemoteWebElement.java:257)
at org.openqa.selenium.remote.RemoteWebElement.getText(RemoteWebElement.java:207)
at sun.reflect.NativeMethodAccessorImpl.invoke0(Native Method)
at sun.reflect.NativeMethodAccessorImpl.invoke(NativeMethodAccessorImpl.java:62)
at sun.reflect.DelegatingMethodAccessorImpl.invoke(DelegatingMethodAccessorImpl.java:43)
at java.lang.reflect.Method.invoke(Method.java:498)
at org.openqa.selenium.support.pagefactory.internal.LocatingElementHandler.invoke(LocatingElementHandler.java:52)
at com.sun.proxy.$Proxy14.getText(Unknown Source)
at com.nopcommerce.demo.utility.Utility.getTextFromElement(Utility.java:64)
at com.nopcommerce.demo.pages.ShoppingCartPage.verifyTheShoppingCartText(ShoppingCartPage.java:46)
at com.nopcommerce.demo.testsuite.ElectronicsPageTest.verifyThatTheProductAddedSuccessfullyAndPlaceOrderSuccessfully(ElectronicsPageTest.java:87)
at sun.reflect.NativeMethodAccessorImpl.invoke0(Native Method)
at sun.reflect.NativeMethodAccessorImpl.invoke(NativeMethodAccessorImpl.java:62)
at sun.reflect.DelegatingMethodAccessorImpl.invoke(DelegatingMethodAccessorImpl.java:43)
at java.lang.reflect.Method.invoke(Method.java:498)
at org.testng.internal.invokers.MethodInvocationHelper.invokeMethod(MethodInvocationHelper.java:135)
at org.testng.internal.invokers.TestInvoker.invokeMethod(TestInvoker.java:673)
at org.testng.internal.invokers.TestInvoker.invokeTestMethod(TestInvoker.java:220)
at org.testng.internal.invokers.MethodRunner.runInSequence(MethodRunner.java:50)
at org.testng.internal.invokers.TestInvoker$MethodInvocationAgent.invoke(TestInvoker.java:945)
at org.testng.internal.invokers.TestInvoker.invokeTestMethods(TestInvoker.java:193)
at org.testng.internal.invokers.TestMethodWorker.invokeTestMethods(TestMethodWorker.java:146)
at org.testng.internal.invokers.TestMethodWorker.run(TestMethodWorker.java:128)
at java.util.ArrayList.forEach(ArrayList.java:1249)
at org.testng.TestRunner.privateRun(TestRunner.java:808)
at org.testng.TestRunner.run(TestRunner.java:603)
at org.testng.SuiteRunner.runTest(SuiteRunner.java:429)
at org.testng.SuiteRunner.runSequentially(SuiteRunner.java:423)
at org.testng.SuiteRunner.privateRun(SuiteRunner.java:383)
at org.testng.SuiteRunner.run(SuiteRunner.java:326)
at org.testng.SuiteRunnerWorker.runSuite(SuiteRunnerWorker.java:52)
at org.testng.SuiteRunnerWorker.run(SuiteRunnerWorker.java:95)
at org.testng.TestNG.runSuitesSequentially(TestNG.java:1249)
at org.testng.TestNG.runSuitesLocally(TestNG.java:1169)
at org.testng.TestNG.runSuites(TestNG.java:1092)
at org.testng.TestNG.run(TestNG.java:1060)
at com.intellij.rt.testng.IDEARemoteTestNG.run(IDEARemoteTestNG.java:66)
at com.intellij.rt.testng.RemoteTestNGStarter.main(RemoteTestNGStarter.java:109)
]]>
    </error>
  </testcase> <!-- verifyThatTheProductAddedSuccessfullyAndPlaceOrderSuccessfully -->
  <system-out>
    <![CDATA[Mouse hover on electronics[[ChromeDriver: chrome on WINDOWS (6183c5ffc29074ce2d12690378bcc539)] -> xpath: //div/ul[@class='top-menu notmobile']/li[2]/a[@href='/electronics']]
click on cellphone[[ChromeDriver: chrome on WINDOWS (6183c5ffc29074ce2d12690378bcc539)] -> xpath: //body[1]/div[6]/div[2]/ul[1]/li[2]/ul[1]/li[2]/a[1]]
Verify cellphone text[[ChromeDriver: chrome on WINDOWS (6183c5ffc29074ce2d12690378bcc539)] -> xpath: //div[@class='page-title']/h1[text() = 'Cell phones']]
click on list[[ChromeDriver: chrome on WINDOWS (6183c5ffc29074ce2d12690378bcc539)] -> xpath: //div/a[text()='List']]
click on nokia[[ChromeDriver: chrome on WINDOWS (6183c5ffc29074ce2d12690378bcc539)] -> xpath: //h2/a[text()='Nokia Lumia 1020']]
Verify Nokia Lumia Text: [[ChromeDriver: chrome on WINDOWS (6183c5ffc29074ce2d12690378bcc539)] -> xpath: //h1[contains(text(),'Nokia Lumia 1020')]]
Verify the price [[ChromeDriver: chrome on WINDOWS (6183c5ffc29074ce2d12690378bcc539)] -> xpath: //span[@id='price-value-20']]
Update the product quantity [[ChromeDriver: chrome on WINDOWS (6183c5ffc29074ce2d12690378bcc539)] -> css selector: #product_enteredQuantity_20]
Click on Nokia to cart [[ChromeDriver: chrome on WINDOWS (6183c5ffc29074ce2d12690378bcc539)] -> css selector: #add-to-cart-button-20]
Verify the text product to the cart [[ChromeDriver: chrome on WINDOWS (6183c5ffc29074ce2d12690378bcc539)] -> xpath: //body/div[@id='bar-notification']/div[1]/p[1]]
Click on cross button to cancel [[ChromeDriver: chrome on WINDOWS (6183c5ffc29074ce2d12690378bcc539)] -> xpath: //body/div[@id='bar-notification']/div[1]/span[1]]
Mouse Hover to shopping cart [[ChromeDriver: chrome on WINDOWS (6183c5ffc29074ce2d12690378bcc539)] -> xpath: //span[contains(text(),'Shopping cart')]]
Click on cart button [[ChromeDriver: chrome on WINDOWS (6183c5ffc29074ce2d12690378bcc539)] -> xpath: //button[contains(text(),'Go to cart')]]
Verify shopping cart text: [[ChromeDriver: chrome on WINDOWS (6183c5ffc29074ce2d12690378bcc539)] -> xpath: //div[@class='page-title']/h1[contains(text(),'Shopping cart')]]
Verify the product quantity[[ChromeDriver: chrome on WINDOWS (6183c5ffc29074ce2d12690378bcc539)] -> xpath: //td[@class='quantity']/child::input]
Verify the total price: [[ChromeDriver: chrome on WINDOWS (6183c5ffc29074ce2d12690378bcc539)] -> xpath: //tbody/tr[1]/td[6]/span[1]]
Click on term of services: [[ChromeDriver: chrome on WINDOWS (6183c5ffc29074ce2d12690378bcc539)] -> id: termsofservice]
Click on checkout button [[ChromeDriver: chrome on WINDOWS (6183c5ffc29074ce2d12690378bcc539)] -> xpath: //button[@id='checkout']]
Verify welcome text[[ChromeDriver: chrome on WINDOWS (6183c5ffc29074ce2d12690378bcc539)] -> xpath: //h1[text()='Welcome, Please Sign In!']]
click on register tab[[ChromeDriver: chrome on WINDOWS (6183c5ffc29074ce2d12690378bcc539)] -> xpath: //button[contains(text(),'Register')]]
Verify register text: [[ChromeDriver: chrome on WINDOWS (6183c5ffc29074ce2d12690378bcc539)] -> xpath: //h1[contains(text(),'Register')]]
Enter the first name to field [[ChromeDriver: chrome on WINDOWS (6183c5ffc29074ce2d12690378bcc539)] -> id: FirstName]
Enter the last name to field [[ChromeDriver: chrome on WINDOWS (6183c5ffc29074ce2d12690378bcc539)] -> id: LastName]
Enter the email to email field [[ChromeDriver: chrome on WINDOWS (6183c5ffc29074ce2d12690378bcc539)] -> id: Email]
Enter the password to password field [[ChromeDriver: chrome on WINDOWS (6183c5ffc29074ce2d12690378bcc539)] -> id: Password]
Enter the confirm password [[ChromeDriver: chrome on WINDOWS (6183c5ffc29074ce2d12690378bcc539)] -> id: ConfirmPassword]
Click in register button [[ChromeDriver: chrome on WINDOWS (6183c5ffc29074ce2d12690378bcc539)] -> id: register-button]
Verify the registration [[ChromeDriver: chrome on WINDOWS (6183c5ffc29074ce2d12690378bcc539)] -> xpath: //div[contains(text(),'Your registration completed')]]
Click on continue button [[ChromeDriver: chrome on WINDOWS (6183c5ffc29074ce2d12690378bcc539)] -> xpath: //a[contains(text(),'Continue')]]
Verify shopping cart text: [[ChromeDriver: chrome on WINDOWS (6183c5ffc29074ce2d12690378bcc539)] -> xpath: //div[@class='page-title']/h1[contains(text(),'Shopping cart')]]]]>
  </system-out>
</testsuite> <!-- com.nopcommerce.demo.testsuite.ElectronicsPageTest -->
